<?xml version="1.0" encoding="UTF-8"?>
<testng-results skipped="0" failed="0" ignored="0" total="2" passed="2">
  <reporter-output>
  </reporter-output>
  <suite name="Default suite" duration-ms="19067" started-at="2022-02-11T09:40:41 PST" finished-at="2022-02-11T09:41:00 PST">
    <groups>
      <group name="cucumber">
        <method signature="AbstractTestNGCucumberTests.runScenario(io.cucumber.testng.PickleWrapper,io.cucumber.testng.FeatureWrapper)[pri:0, instance:runner.LoginRunner@1060b431]" name="runScenario" class="io.cucumber.testng.AbstractTestNGCucumberTests"/>
      </group> <!-- cucumber -->
    </groups>
    <test name="Default test" duration-ms="19067" started-at="2022-02-11T09:40:41 PST" finished-at="2022-02-11T09:41:00 PST">
      <class name="runner.LoginRunner">
        <test-method status="PASS" signature="setUpClass(org.testng.ITestContext)[pri:0, instance:runner.LoginRunner@1060b431]" name="setUpClass" is-config="true" duration-ms="393" started-at="2022-02-11T09:40:41 PST" finished-at="2022-02-11T09:40:42 PST">
          <params>
            <param index="0">
              <value>
                <![CDATA[org.testng.TestRunner@51c929ae]]>
              </value>
            </param>
          </params>
          <reporter-output>
          </reporter-output>
        </test-method> <!-- setUpClass -->
        <test-method status="PASS" signature="runScenario(io.cucumber.testng.PickleWrapper,io.cucumber.testng.FeatureWrapper)[pri:0, instance:runner.LoginRunner@1060b431]" name="runScenario" duration-ms="7708" started-at="2022-02-11T09:40:42 PST" description="Runs Cucumber Scenarios" data-provider="scenarios" finished-at="2022-02-11T09:40:49 PST">
          <params>
            <param index="0">
              <value>
                <![CDATA["provide valid username and invalid password"]]>
              </value>
            </param>
            <param index="1">
              <value>
                <![CDATA["Optional[login into salesforce]"]]>
              </value>
            </param>
          </params>
          <reporter-output>
          </reporter-output>
        </test-method> <!-- runScenario -->
        <test-method status="PASS" signature="runScenario(io.cucumber.testng.PickleWrapper,io.cucumber.testng.FeatureWrapper)[pri:0, instance:runner.LoginRunner@1060b431]" name="runScenario" duration-ms="10870" started-at="2022-02-11T09:40:49 PST" description="Runs Cucumber Scenarios" data-provider="scenarios" finished-at="2022-02-11T09:41:00 PST">
          <params>
            <param index="0">
              <value>
                <![CDATA["provide valid username and valid password"]]>
              </value>
            </param>
            <param index="1">
              <value>
                <![CDATA["Optional[login into salesforce]"]]>
              </value>
            </param>
          </params>
          <reporter-output>
          </reporter-output>
        </test-method> <!-- runScenario -->
        <test-method status="PASS" signature="tearDownClass()[pri:0, instance:runner.LoginRunner@1060b431]" name="tearDownClass" is-config="true" duration-ms="29" started-at="2022-02-11T09:41:00 PST" finished-at="2022-02-11T09:41:00 PST">
          <reporter-output>
          </reporter-output>
        </test-method> <!-- tearDownClass -->
      </class> <!-- runner.LoginRunner -->
    </test> <!-- Default test -->
  </suite> <!-- Default suite -->
</testng-results>
